\BOOKMARK [0][-]{section*.1}{\315ndice general}{}% 1
\BOOKMARK [0][-]{section*.2}{\315ndice de figuras}{}% 2
\BOOKMARK [0][-]{chapter*.3}{Introducci\363n}{}% 3
\BOOKMARK [0][-]{chapter*.4}{Objetivos del proyecto}{}% 4
\BOOKMARK [0][-]{chapter*.5}{Conceptos te\363ricos}{}% 5
\BOOKMARK [1][-]{section.3.1}{Scraping}{chapter*.5}% 6
\BOOKMARK [1][-]{section.3.2}{Machine Learning}{chapter*.5}% 7
\BOOKMARK [1][-]{section.3.3}{Miner\355a de datos}{chapter*.5}% 8
\BOOKMARK [1][-]{section.3.4}{Neuronas artificiales}{chapter*.5}% 9
\BOOKMARK [1][-]{section.3.5}{Redes neuronales artificiales}{chapter*.5}% 10
\BOOKMARK [1][-]{section.3.6}{Aprendizaje Supervisado}{chapter*.5}% 11
\BOOKMARK [1][-]{section.3.7}{Backpropagation}{chapter*.5}% 12
\BOOKMARK [1][-]{section.3.8}{Preprocesamiento}{chapter*.5}% 13
\BOOKMARK [1][-]{section.3.9}{Demonios}{chapter*.5}% 14
\BOOKMARK [0][-]{chapter*.6}{T\351cnicas y herramientas}{}% 15
\BOOKMARK [1][-]{section.4.1}{T\351cnicas}{chapter*.6}% 16
\BOOKMARK [1][-]{section.4.2}{Herramientas}{chapter*.6}% 17
\BOOKMARK [0][-]{chapter*.17}{Aspectos relevantes del desarrollo del proyecto}{}% 18
\BOOKMARK [1][-]{section.5.1}{Lenguaje para el desarrollo del proyecto}{chapter*.17}% 19
\BOOKMARK [1][-]{section.5.2}{Datos de entrada a la red neuronal}{chapter*.17}% 20
\BOOKMARK [1][-]{section.5.3}{Optimizaci\363n del algoritmo de Backpropagation}{chapter*.17}% 21
\BOOKMARK [1][-]{section.5.4}{Interfaz sencilla para el usuario}{chapter*.17}% 22
\BOOKMARK [1][-]{section.5.5}{Automatizaci\363n del funcionamiento}{chapter*.17}% 23
\BOOKMARK [0][-]{chapter*.19}{Trabajos relacionados}{}% 24
\BOOKMARK [0][-]{chapter*.20}{Conclusiones y L\355neas de trabajo futuras}{}% 25
\BOOKMARK [0][-]{section*.22}{Bibliograf\355a}{}% 26
